<?xml version="1.0" encoding="UTF-8"?>
<testng-results ignored="0" total="1" passed="1" failed="0" skipped="0">
  <reporter-output>
  </reporter-output>
  <suite started-at="2024-06-26T15:53:02 PKT" name="Default suite" finished-at="2024-06-26T15:53:08 PKT" duration-ms="6514">
    <groups>
    </groups>
    <test started-at="2024-06-26T15:53:02 PKT" name="Default test" finished-at="2024-06-26T15:53:08 PKT" duration-ms="6514">
      <class name="selenium_jenkins_testcases.TestNG">
        <test-method is-config="true" signature="setUpTest()[pri:0, instance:selenium_jenkins_testcases.TestNG@6b695b06]" started-at="2024-06-26T15:53:02 PKT" name="setUpTest" finished-at="2024-06-26T15:53:04 PKT" duration-ms="2271" status="PASS">
          <reporter-output>
          </reporter-output>
        </test-method> <!-- setUpTest -->
        <test-method signature="googleSearch()[pri:0, instance:selenium_jenkins_testcases.TestNG@6b695b06]" started-at="2024-06-26T15:53:04 PKT" name="googleSearch" finished-at="2024-06-26T15:53:07 PKT" duration-ms="2986" status="PASS">
          <reporter-output>
          </reporter-output>
        </test-method> <!-- googleSearch -->
        <test-method is-config="true" signature="tearDownTest()[pri:0, instance:selenium_jenkins_testcases.TestNG@6b695b06]" started-at="2024-06-26T15:53:07 PKT" name="tearDownTest" finished-at="2024-06-26T15:53:08 PKT" duration-ms="1202" status="PASS">
          <reporter-output>
          </reporter-output>
        </test-method> <!-- tearDownTest -->
      </class> <!-- selenium_jenkins_testcases.TestNG -->
    </test> <!-- Default test -->
  </suite> <!-- Default suite -->
</testng-results>
